                                 Started job on |	Jun 05 21:18:38
                             Started mapping on |	Jun 05 21:19:57
                                    Finished on |	Jun 05 21:21:13
       Mapping speed, Million of reads per hour |	0.47

                          Number of input reads |	9996
                      Average input read length |	202
                                    UNIQUE READS:
                   Uniquely mapped reads number |	827
                        Uniquely mapped reads % |	8.27%
                          Average mapped length |	169.70
                       Number of splices: Total |	181
            Number of splices: Annotated (sjdb) |	181
                       Number of splices: GT/AG |	181
                       Number of splices: GC/AG |	0
                       Number of splices: AT/AC |	0
               Number of splices: Non-canonical |	0
                      Mismatch rate per base, % |	4.62%
                         Deletion rate per base |	0.05%
                        Deletion average length |	2.06
                        Insertion rate per base |	0.07%
                       Insertion average length |	2.48
                             MULTI-MAPPING READS:
        Number of reads mapped to multiple loci |	163
             % of reads mapped to multiple loci |	1.63%
        Number of reads mapped to too many loci |	1
             % of reads mapped to too many loci |	0.01%
                                  UNMAPPED READS:
       % of reads unmapped: too many mismatches |	2.36%
                 % of reads unmapped: too short |	87.61%
                     % of reads unmapped: other |	0.11%
                                  CHIMERIC READS:
                       Number of chimeric reads |	1
                            % of chimeric reads |	0.01%
